<?xml version="1.0" encoding="UTF-8"?>
<!-- Generated by org.testng.reporters.JUnitReportReporter -->
<testsuite hostname="WKSPUN05GTR0521" failures="0" tests="2" name="com.features.automationex.TestRunner" time="27.953" errors="0" timestamp="2025-04-29T17:44:28 IST" skipped="0">
  <testcase classname="com.features.automationex.TestRunner" name="runScenario" time="13.801"/>
  <testcase classname="com.features.automationex.TestRunner" name="runScenario" time="14.152">
    <system-out>
      <![CDATA[Success]]>
    </system-out>
  </testcase> <!-- runScenario -->
  <system-out>
    <![CDATA[Success]]>
  </system-out>
</testsuite> <!-- com.features.automationex.TestRunner -->
