<?xml version="1.0" encoding="UTF-8"?>
<!-- Generated by org.testng.reporters.JUnitReportReporter -->
<testsuite hostname="WKSPUN05GTR0521" failures="0" tests="1" name="suite.NewTest" time="0.171" errors="0" timestamp="2025-04-29T09:38:01 IST" skipped="0">
  <testcase classname="suite.NewTest" name="runScenario" time="0.171"/>
</testsuite> <!-- suite.NewTest -->
