<?xml version="1.0" encoding="UTF-8"?>
<!-- Generated by org.testng.reporters.JUnitReportReporter -->
<testsuite hostname="WKSPUN05GTR0521" failures="0" tests="1" name="registertests.TestRunner" time="27.217" errors="0" timestamp="2025-04-30T15:24:58 IST" skipped="0">
  <testcase classname="registertests.TestRunner" name="runScenario" time="27.217"/>
</testsuite> <!-- registertests.TestRunner -->
