<?xml version="1.0" encoding="UTF-8"?>
<!-- Generated by org.testng.reporters.JUnitReportReporter -->
<testsuite hostname="WKSPUN05GTR0521" failures="0" tests="8" name="restdemo.RestTest" time="9.227" errors="0" timestamp="2025-05-06T17:12:15 IST" skipped="0">
  <testcase classname="restdemo.RestTest" name="status_code" time="3.052"/>
  <testcase classname="restdemo.RestTest" name="status_Line" time="1.197"/>
  <testcase classname="restdemo.RestTest" name="status_body" time="1.122"/>
  <testcase classname="restdemo.RestTest" name="status_content" time="1.098"/>
  <testcase classname="restdemo.RestTest" name="session_id" time="1.225"/>
  <testcase classname="restdemo.RestTest" name="post_request" time="0.497"/>
  <testcase classname="restdemo.RestTest" name="post_statusLine" time="0.661"/>
  <testcase classname="restdemo.RestTest" name="GitHub" time="0.375"/>
</testsuite> <!-- restdemo.RestTest -->
