<?xml version="1.0" encoding="UTF-8"?>
<!-- Generated by org.testng.reporters.JUnitReportReporter -->
<testsuite hostname="WKSPUN05GTR0521" failures="0" tests="1" name="mircrosoftTests.TestRunner" time="13.098" errors="0" timestamp="2025-04-30T16:48:34 IST" skipped="0">
  <testcase classname="mircrosoftTests.TestRunner" name="runScenario" time="13.098"/>
</testsuite> <!-- mircrosoftTests.TestRunner -->
