<?xml version="1.0" encoding="UTF-8"?>
<!-- Generated by org.testng.reporters.JUnitReportReporter -->
<testsuite hostname="WKSPUN05GTR0521" failures="0" tests="2" name="registerscripts.TestRunner" time="18.167" errors="0" timestamp="2025-04-30T10:30:16 IST" skipped="0">
  <testcase classname="registerscripts.TestRunner" name="runScenario" time="9.257"/>
  <testcase classname="registerscripts.TestRunner" name="runScenario" time="8.910"/>
</testsuite> <!-- registerscripts.TestRunner -->
